2017-06-27 22:51:49 INFO  Sigin:27 - Starting Testcase
2017-06-27 22:52:00 INFO  Sigin:31 - Ending the Testcase
2017-06-27 22:56:46 INFO  Sigin:27 - Starting Testcase
2017-06-27 22:56:46 INFO  Sigin:29 - Passing Value
2017-06-27 22:56:46 INFO  HomePage:37 - Click on Signin button
2017-06-27 22:56:53 INFO  Sigin:32 - Ending the Testcase
2017-06-28 20:32:29 INFO  TC_002:32 - Starting Testcase
2017-06-28 20:32:29 INFO  HomePage:37 - Click on Signin button
2017-06-28 21:08:05 INFO  TC_002:45 - Starting Testcase
2017-06-28 21:08:05 INFO  HomePage:37 - Click on Signin button
2017-06-28 21:08:10 INFO  TC_002:45 - Starting Testcase
2017-06-28 21:08:10 INFO  HomePage:37 - Click on Signin button
2017-06-28 21:08:14 INFO  TC_002:45 - Starting Testcase
2017-06-28 21:08:14 INFO  HomePage:37 - Click on Signin button
2017-06-28 21:08:19 INFO  TC_002:45 - Starting Testcase
2017-06-28 21:08:19 INFO  HomePage:37 - Click on Signin button
2017-06-28 21:08:23 INFO  TC_002:45 - Starting Testcase
2017-06-28 21:08:23 INFO  HomePage:37 - Click on Signin button
2017-06-28 21:08:27 INFO  TC_002:45 - Starting Testcase
2017-06-28 21:08:27 INFO  HomePage:37 - Click on Signin button
2017-06-28 21:08:31 INFO  TC_002:45 - Starting Testcase
2017-06-28 21:08:31 INFO  HomePage:37 - Click on Signin button
2017-06-28 22:12:45 INFO  TC_002:45 - Starting Testcase
2017-06-28 22:12:45 INFO  HomePage:37 - Click on Signin button
2017-06-28 22:12:53 INFO  TC_002:45 - Starting Testcase
2017-06-28 22:12:53 INFO  HomePage:37 - Click on Signin button
2017-06-28 22:12:59 INFO  TC_002:45 - Starting Testcase
2017-06-28 22:12:59 INFO  HomePage:37 - Click on Signin button
2017-06-28 22:13:04 INFO  TC_002:45 - Starting Testcase
2017-06-28 22:13:04 INFO  HomePage:37 - Click on Signin button
2017-06-28 22:13:08 INFO  TC_002:45 - Starting Testcase
2017-06-28 22:13:08 INFO  HomePage:37 - Click on Signin button
2017-06-28 22:13:12 INFO  TC_002:45 - Starting Testcase
2017-06-28 22:13:12 INFO  HomePage:37 - Click on Signin button
2017-06-28 22:39:58 INFO  TC_002:45 - Starting Testcase
2017-06-28 22:39:58 INFO  HomePage:37 - Click on Signin button
2017-06-28 22:40:06 INFO  TC_002:45 - Starting Testcase
2017-06-28 22:40:06 INFO  HomePage:37 - Click on Signin button
2017-06-28 22:40:12 INFO  TC_002:45 - Starting Testcase
2017-06-28 22:40:12 INFO  HomePage:37 - Click on Signin button
2017-06-28 22:40:19 INFO  TC_002:45 - Starting Testcase
2017-06-28 22:40:19 INFO  HomePage:37 - Click on Signin button
2017-06-28 22:40:24 INFO  TC_002:45 - Starting Testcase
2017-06-28 22:40:24 INFO  HomePage:37 - Click on Signin button
2017-06-28 22:40:30 INFO  TC_002:45 - Starting Testcase
2017-06-28 22:40:30 INFO  HomePage:37 - Click on Signin button
2017-06-28 22:45:28 INFO  TC_002:45 - Starting Testcase
2017-06-28 22:45:28 INFO  HomePage:37 - Click on Signin button
2017-06-28 22:45:36 INFO  TC_002:45 - Starting Testcase
2017-06-28 22:45:36 INFO  HomePage:37 - Click on Signin button
2017-06-28 22:45:41 INFO  TC_002:45 - Starting Testcase
2017-06-28 22:45:41 INFO  HomePage:37 - Click on Signin button
2017-06-28 22:45:46 INFO  TC_002:45 - Starting Testcase
2017-06-28 22:45:46 INFO  HomePage:37 - Click on Signin button
2017-06-28 22:45:51 INFO  TC_002:45 - Starting Testcase
2017-06-28 22:45:51 INFO  HomePage:37 - Click on Signin button
2017-06-28 22:45:56 INFO  TC_002:45 - Starting Testcase
2017-06-28 22:45:56 INFO  HomePage:37 - Click on Signin button
2017-06-28 22:49:54 INFO  TC_002:45 - *********** Starting Execution of Testcase2 *************
2017-06-28 22:49:54 INFO  HomePage:37 - Click on Signin button
2017-06-28 22:49:57 INFO  HomePage:39 - Entered Email Address
2017-06-28 22:49:57 INFO  HomePage:41 - Entered Password
2017-06-28 22:49:57 INFO  HomePage:43 - Click on Submit Button
2017-06-28 22:49:59 INFO  TC_002:49 - *********** Finished Execution of Testcase2 *************
2017-06-28 22:49:59 INFO  TC_002:45 - *********** Starting Execution of Testcase2 *************
2017-06-28 22:49:59 INFO  HomePage:37 - Click on Signin button
2017-06-28 22:50:04 INFO  HomePage:39 - Entered Email Address
2017-06-28 22:50:04 INFO  HomePage:41 - Entered Password
2017-06-28 22:50:04 INFO  HomePage:43 - Click on Submit Button
2017-06-28 22:50:07 INFO  TC_002:49 - *********** Finished Execution of Testcase2 *************
2017-06-28 22:50:07 INFO  TC_002:45 - *********** Starting Execution of Testcase2 *************
2017-06-28 22:50:07 INFO  HomePage:37 - Click on Signin button
2017-06-28 22:50:09 INFO  HomePage:39 - Entered Email Address
2017-06-28 22:50:10 INFO  HomePage:41 - Entered Password
2017-06-28 22:50:10 INFO  HomePage:43 - Click on Submit Button
2017-06-28 22:50:12 INFO  TC_002:49 - *********** Finished Execution of Testcase2 *************
2017-06-28 22:50:12 INFO  TC_002:45 - *********** Starting Execution of Testcase2 *************
2017-06-28 22:50:12 INFO  HomePage:37 - Click on Signin button
2017-06-28 22:50:15 INFO  HomePage:39 - Entered Email Address
2017-06-28 22:50:15 INFO  HomePage:41 - Entered Password
2017-06-28 22:50:15 INFO  HomePage:43 - Click on Submit Button
2017-06-28 22:50:17 INFO  TC_002:49 - *********** Finished Execution of Testcase2 *************
2017-06-28 22:50:17 INFO  TC_002:45 - *********** Starting Execution of Testcase2 *************
2017-06-28 22:50:17 INFO  HomePage:37 - Click on Signin button
2017-06-28 22:50:20 INFO  HomePage:39 - Entered Email Address
2017-06-28 22:50:20 INFO  HomePage:41 - Entered Password
2017-06-28 22:50:20 INFO  HomePage:43 - Click on Submit Button
2017-06-28 22:50:23 INFO  TC_002:49 - *********** Finished Execution of Testcase2 *************
2017-06-28 22:50:23 INFO  TC_002:45 - *********** Starting Execution of Testcase2 *************
2017-06-28 22:50:23 INFO  HomePage:37 - Click on Signin button
2017-06-28 22:50:26 INFO  HomePage:39 - Entered Email Address
2017-06-28 22:50:27 INFO  HomePage:41 - Entered Password
2017-06-28 22:50:27 INFO  HomePage:43 - Click on Submit Button
2017-06-28 22:50:29 INFO  TC_002:49 - *********** Finished Execution of Testcase2 *************
2017-06-29 22:30:17 INFO  TC_003_VerifyListeners:29 - Starting Testcase
2017-06-29 22:30:18 INFO  HomePage:37 - Click on Signin button
2017-06-29 22:30:26 INFO  HomePage:39 - Entered Email Address
2017-06-29 22:30:26 INFO  HomePage:41 - Entered Password
2017-06-29 22:30:27 INFO  HomePage:43 - Click on Submit Button
2017-06-29 22:30:28 INFO  TC_003_VerifyListeners:33 - Passing Value
2017-06-29 22:30:29 INFO  TC_003_VerifyListeners:35 - Ending the Testcase
2017-06-29 22:32:15 INFO  TC_003_VerifyListeners:29 - Starting Testcase
2017-06-29 22:32:15 INFO  HomePage:37 - Click on Signin button
2017-06-29 22:32:19 INFO  HomePage:39 - Entered Email Address
2017-06-29 22:32:19 INFO  HomePage:41 - Entered Password
2017-06-29 22:32:19 INFO  HomePage:43 - Click on Submit Button
2017-06-29 22:32:21 INFO  TC_003_VerifyListeners:33 - Passing Value
2017-06-29 22:32:21 INFO  TC_003_VerifyListeners:35 - Ending the Testcase
2017-06-29 22:58:14 INFO  TC_003_VerifyListeners:29 - Starting Testcase
2017-06-29 22:58:14 INFO  HomePage:37 - Click on Signin button
2017-06-29 22:58:18 INFO  HomePage:39 - Entered Email Address
2017-06-29 22:58:18 INFO  HomePage:41 - Entered Password
2017-06-29 22:58:18 INFO  HomePage:43 - Click on Submit Button
2017-06-29 22:58:21 INFO  TC_003_VerifyListeners:33 - Passing Value
2017-06-29 22:58:21 INFO  TC_003_VerifyListeners:35 - Ending the Testcase
2017-06-29 23:00:13 INFO  TC_003_VerifyListeners:29 - Starting Testcase
2017-06-29 23:00:13 INFO  HomePage:37 - Click on Signin button
2017-06-29 23:00:18 INFO  HomePage:39 - Entered Email Address
2017-06-29 23:04:33 INFO  TC_003_VerifyListeners:29 - Starting Testcase
2017-06-29 23:04:33 INFO  HomePage:37 - Click on Signin button
2017-06-29 23:04:36 INFO  HomePage:39 - Entered Email Address
2017-06-29 23:08:07 INFO  TC_003_VerifyListeners:29 - Starting Testcase
2017-06-29 23:08:07 INFO  HomePage:37 - Click on Signin button
2017-06-29 23:08:10 INFO  HomePage:39 - Entered Email Address
2017-06-29 23:08:10 INFO  HomePage:41 - Entered Password
2017-06-29 23:08:10 INFO  HomePage:43 - Click on Submit Button
2017-06-29 23:08:12 INFO  TC_003_VerifyListeners:33 - Passing Value
2017-06-29 23:12:13 INFO  TC_003_VerifyListeners:29 - Starting Testcase
2017-06-29 23:12:13 INFO  HomePage:37 - Click on Signin button
2017-06-29 23:12:16 INFO  HomePage:39 - Entered Email Address
2017-06-29 23:12:16 INFO  HomePage:41 - Entered Password
2017-06-29 23:12:16 INFO  HomePage:43 - Click on Submit Button
2017-06-29 23:12:18 INFO  TC_003_VerifyListeners:33 - Passing Value
2017-06-29 23:12:18 INFO  TC_003_VerifyListeners:41 - Starting Testcase
2017-06-29 23:12:18 INFO  HomePage:37 - Click on Signin button
2017-06-29 23:12:21 INFO  HomePage:39 - Entered Email Address
2017-06-29 23:12:22 INFO  HomePage:41 - Entered Password
2017-06-29 23:12:22 INFO  HomePage:43 - Click on Submit Button
2017-06-29 23:12:25 INFO  TC_003_VerifyListeners:45 - Passing Value
2017-06-29 23:12:25 INFO  TC_003_VerifyListeners:47 - Ending the Testcase
2017-06-29 23:22:45 INFO  TC_003_VerifyListeners:29 - Starting Testcase
2017-06-29 23:22:45 INFO  HomePage:37 - Click on Signin button
2017-06-29 23:22:48 INFO  HomePage:39 - Entered Email Address
2017-06-29 23:22:49 INFO  HomePage:41 - Entered Password
2017-06-29 23:22:49 INFO  HomePage:43 - Click on Submit Button
2017-06-29 23:22:50 INFO  TC_003_VerifyListeners:33 - Passing Value
2017-06-29 23:22:51 INFO  TC_003_VerifyListeners:41 - Starting Testcase
2017-06-29 23:22:51 INFO  HomePage:37 - Click on Signin button
2017-06-29 23:22:53 INFO  HomePage:39 - Entered Email Address
2017-06-29 23:22:53 INFO  HomePage:41 - Entered Password
2017-06-29 23:22:53 INFO  HomePage:43 - Click on Submit Button
2017-06-29 23:22:56 INFO  TC_003_VerifyListeners:45 - Passing Value
2017-06-29 23:22:56 INFO  TC_003_VerifyListeners:47 - Ending the Testcase
2017-06-29 23:26:23 INFO  TC_003_VerifyListeners:29 - Starting Testcase
2017-06-29 23:26:23 INFO  HomePage:37 - Click on Signin button
2017-06-29 23:26:26 INFO  HomePage:39 - Entered Email Address
2017-06-29 23:26:26 INFO  HomePage:41 - Entered Password
2017-06-29 23:26:26 INFO  HomePage:43 - Click on Submit Button
2017-06-29 23:26:28 INFO  TC_003_VerifyListeners:33 - Passing Value
2017-06-29 23:26:28 INFO  TC_003_VerifyListeners:41 - Starting Testcase
2017-06-29 23:26:28 INFO  HomePage:37 - Click on Signin button
2017-06-29 23:26:31 INFO  HomePage:39 - Entered Email Address
2017-06-29 23:26:31 INFO  HomePage:41 - Entered Password
2017-06-29 23:26:31 INFO  HomePage:43 - Click on Submit Button
2017-06-29 23:26:33 INFO  TC_003_VerifyListeners:45 - Passing Value
2017-06-29 23:26:33 INFO  TC_003_VerifyListeners:47 - Ending the Testcase
2017-06-30 20:23:47 INFO  TC_001Sigin:27 - Starting Testcase
2017-06-30 20:23:47 INFO  HomePage:37 - Click on Signin button
2017-06-30 20:23:52 INFO  HomePage:39 - Entered Email Address
2017-06-30 20:23:53 INFO  HomePage:41 - Entered Password
2017-06-30 20:23:53 INFO  HomePage:43 - Click on Submit Button
2017-06-30 20:23:55 INFO  TC_001Sigin:31 - Passing Value
2017-06-30 20:23:55 INFO  TC_001Sigin:33 - Ending the Testcase
2017-06-30 20:28:42 INFO  TC_003_VerifyListeners:29 - Starting Testcase
2017-06-30 20:28:42 INFO  HomePage:37 - Click on Signin button
2017-06-30 20:28:45 INFO  HomePage:39 - Entered Email Address
2017-06-30 20:28:46 INFO  HomePage:41 - Entered Password
2017-06-30 20:28:46 INFO  HomePage:43 - Click on Submit Button
2017-06-30 20:28:48 INFO  TC_003_VerifyListeners:33 - Passing Value
2017-06-30 20:28:48 INFO  TC_003_VerifyListeners:41 - Starting Testcase
2017-06-30 20:28:49 INFO  HomePage:37 - Click on Signin button
2017-06-30 20:28:51 INFO  HomePage:39 - Entered Email Address
2017-06-30 20:28:51 INFO  HomePage:41 - Entered Password
2017-06-30 20:28:51 INFO  HomePage:43 - Click on Submit Button
2017-06-30 20:28:53 INFO  TC_003_VerifyListeners:45 - Passing Value
2017-06-30 20:28:53 INFO  TC_003_VerifyListeners:47 - Ending the Testcase
2017-06-30 20:50:41 INFO  TC_003_VerifyListeners:29 - Starting Testcase
2017-06-30 20:50:41 INFO  HomePage:37 - Click on Signin button
2017-06-30 20:50:44 INFO  HomePage:39 - Entered Email Address
2017-06-30 20:50:44 INFO  HomePage:41 - Entered Password
2017-06-30 20:50:44 INFO  HomePage:43 - Click on Submit Button
2017-06-30 20:50:46 INFO  TC_003_VerifyListeners:33 - Passing Value
2017-06-30 20:50:46 INFO  Retry:33 - Retrying test VerifyListeners with status FAILURE for the 1 time(s).
2017-06-30 20:50:46 INFO  TC_003_VerifyListeners:29 - Starting Testcase
2017-06-30 20:50:46 INFO  HomePage:37 - Click on Signin button
2017-06-30 20:50:48 INFO  HomePage:39 - Entered Email Address
2017-06-30 20:50:49 INFO  HomePage:41 - Entered Password
2017-06-30 20:50:49 INFO  HomePage:43 - Click on Submit Button
2017-06-30 20:50:50 INFO  TC_003_VerifyListeners:33 - Passing Value
2017-06-30 20:50:51 INFO  Retry:33 - Retrying test VerifyListeners with status FAILURE for the 2 time(s).
2017-06-30 20:50:51 INFO  Retry:33 - Retrying test VerifyListeners with status FAILURE for the 3 time(s).
2017-06-30 20:50:51 INFO  TC_003_VerifyListeners:29 - Starting Testcase
2017-06-30 20:50:51 INFO  HomePage:37 - Click on Signin button
2017-06-30 20:50:53 INFO  HomePage:39 - Entered Email Address
2017-06-30 20:50:54 INFO  HomePage:41 - Entered Password
2017-06-30 20:50:54 INFO  HomePage:43 - Click on Submit Button
2017-06-30 20:50:56 INFO  TC_003_VerifyListeners:33 - Passing Value
2017-06-30 20:50:56 INFO  TC_003_VerifyListeners:41 - Starting Testcase
2017-06-30 20:50:56 INFO  HomePage:37 - Click on Signin button
2017-06-30 20:50:59 INFO  HomePage:39 - Entered Email Address
2017-06-30 20:50:59 INFO  HomePage:41 - Entered Password
2017-06-30 20:50:59 INFO  HomePage:43 - Click on Submit Button
2017-06-30 20:51:01 INFO  TC_003_VerifyListeners:45 - Passing Value
2017-06-30 20:51:01 INFO  TC_003_VerifyListeners:47 - Ending the Testcase
2017-06-30 20:52:16 INFO  TC_003_VerifyListeners:29 - Starting Testcase
2017-06-30 20:52:16 INFO  HomePage:37 - Click on Signin button
2017-06-30 20:52:21 INFO  HomePage:39 - Entered Email Address
2017-06-30 20:52:21 INFO  HomePage:41 - Entered Password
2017-06-30 20:52:21 INFO  HomePage:43 - Click on Submit Button
2017-06-30 20:52:23 INFO  TC_003_VerifyListeners:33 - Passing Value
2017-06-30 20:52:57 INFO  TC_003_VerifyListeners:29 - Starting Testcase
2017-06-30 20:52:57 INFO  HomePage:37 - Click on Signin button
2017-06-30 20:53:00 INFO  HomePage:39 - Entered Email Address
2017-06-30 20:53:01 INFO  HomePage:41 - Entered Password
2017-06-30 20:53:01 INFO  HomePage:43 - Click on Submit Button
2017-06-30 20:53:02 INFO  TC_003_VerifyListeners:33 - Passing Value
2017-06-30 20:53:03 INFO  Retry:33 - Retrying test VerifyListeners with status FAILURE for the 1 time(s).
2017-06-30 20:53:03 INFO  TC_003_VerifyListeners:29 - Starting Testcase
2017-06-30 20:53:03 INFO  HomePage:37 - Click on Signin button
2017-06-30 20:53:05 INFO  HomePage:39 - Entered Email Address
2017-06-30 20:53:05 INFO  HomePage:41 - Entered Password
2017-06-30 20:53:05 INFO  HomePage:43 - Click on Submit Button
2017-06-30 20:53:07 INFO  TC_003_VerifyListeners:33 - Passing Value
2017-06-30 20:53:07 INFO  Retry:33 - Retrying test VerifyListeners with status FAILURE for the 2 time(s).
2017-06-30 20:53:07 INFO  Retry:33 - Retrying test VerifyListeners with status FAILURE for the 3 time(s).
2017-06-30 20:53:07 INFO  TC_003_VerifyListeners:29 - Starting Testcase
2017-06-30 20:53:07 INFO  HomePage:37 - Click on Signin button
2017-06-30 20:53:10 INFO  HomePage:39 - Entered Email Address
2017-06-30 20:53:10 INFO  HomePage:41 - Entered Password
2017-06-30 20:53:10 INFO  HomePage:43 - Click on Submit Button
2017-06-30 20:53:12 INFO  TC_003_VerifyListeners:33 - Passing Value
2017-06-30 20:59:54 INFO  TC_003_VerifyListeners:29 - Starting Testcase
2017-06-30 20:59:54 INFO  HomePage:37 - Click on Signin button
2017-06-30 20:59:57 INFO  HomePage:39 - Entered Email Address
2017-06-30 21:00:07 INFO  Retry:33 - Retrying test VerifyListeners with status FAILURE for the 1 time(s).
2017-06-30 21:00:08 INFO  TC_003_VerifyListeners:29 - Starting Testcase
2017-06-30 21:00:08 INFO  HomePage:37 - Click on Signin button
2017-06-30 21:00:11 INFO  HomePage:39 - Entered Email Address
2017-06-30 21:00:21 INFO  Retry:33 - Retrying test VerifyListeners with status FAILURE for the 2 time(s).
2017-06-30 21:00:21 INFO  Retry:33 - Retrying test VerifyListeners with status FAILURE for the 3 time(s).
2017-06-30 21:00:21 INFO  TC_003_VerifyListeners:29 - Starting Testcase
2017-06-30 21:00:21 INFO  HomePage:37 - Click on Signin button
2017-06-30 21:00:24 INFO  HomePage:39 - Entered Email Address
2017-06-30 21:05:00 INFO  TC_003_VerifyListeners:29 - Starting Testcase
2017-06-30 21:05:00 INFO  HomePage:37 - Click on Signin button
2017-06-30 21:05:04 INFO  HomePage:39 - Entered Email Address
2017-06-30 21:05:04 INFO  HomePage:41 - Entered Password
2017-06-30 21:05:05 INFO  HomePage:43 - Click on Submit Button
2017-06-30 21:05:06 INFO  TC_003_VerifyListeners:33 - Passing Value
2017-06-30 21:05:06 INFO  TC_003_VerifyListeners:35 - Ending the Testcase
2017-06-30 21:06:00 INFO  TC_003_VerifyListeners:29 - Starting Testcase
2017-06-30 21:06:00 INFO  HomePage:37 - Click on Signin button
2017-06-30 21:06:02 INFO  HomePage:39 - Entered Email Address
2017-06-30 21:06:02 INFO  HomePage:41 - Entered Password
2017-06-30 21:06:12 INFO  Retry:33 - Retrying test VerifyListeners with status FAILURE for the 0 time(s).
2017-06-30 21:06:13 INFO  TC_003_VerifyListeners:29 - Starting Testcase
2017-06-30 21:06:13 INFO  HomePage:37 - Click on Signin button
2017-06-30 21:06:16 INFO  HomePage:39 - Entered Email Address
2017-06-30 21:06:17 INFO  HomePage:41 - Entered Password
2017-06-30 21:06:27 INFO  Retry:33 - Retrying test VerifyListeners with status FAILURE for the 1 time(s).
2017-06-30 21:06:27 INFO  Retry:33 - Retrying test VerifyListeners with status FAILURE for the 2 time(s).
2017-06-30 21:06:27 INFO  TC_003_VerifyListeners:29 - Starting Testcase
2017-06-30 21:06:27 INFO  HomePage:37 - Click on Signin button
2017-06-30 21:06:30 INFO  HomePage:39 - Entered Email Address
2017-06-30 21:06:31 INFO  HomePage:41 - Entered Password
2017-06-30 23:18:00 INFO  TC_001Sigin:29 - Starting Testcase
2017-06-30 23:18:00 INFO  HomePage:37 - Click on Signin button
2017-06-30 23:18:04 INFO  HomePage:39 - Entered Email Address
2017-06-30 23:18:04 INFO  HomePage:41 - Entered Password
2017-06-30 23:18:41 INFO  TC_003_VerifyListeners:31 - Starting Testcase
2017-06-30 23:18:41 INFO  HomePage:37 - Click on Signin button
2017-06-30 23:18:45 INFO  HomePage:39 - Entered Email Address
2017-06-30 23:18:46 INFO  HomePage:41 - Entered Password
2017-07-15 15:12:34 INFO  TC_001Sigin:29 - Starting Testcase
2017-07-15 15:12:34 INFO  HomePage:37 - Click on Signin button
2017-07-15 15:12:36 INFO  HomePage:39 - Entered Email Address
2017-07-15 15:12:36 INFO  HomePage:41 - Entered Password
2017-07-15 15:13:50 INFO  TC_001Sigin:29 - Starting Testcase
2017-07-15 15:13:50 INFO  HomePage:37 - Click on Signin button
2017-07-15 15:13:53 INFO  HomePage:39 - Entered Email Address
2017-07-15 15:13:53 INFO  HomePage:41 - Entered Password
2017-07-15 15:13:53 INFO  HomePage:43 - Click on Submit Button
2017-07-15 15:13:54 INFO  TC_001Sigin:33 - Passing Value
2017-07-15 15:13:55 INFO  TC_001Sigin:35 - Ending the Testcase
2017-07-15 15:42:40 INFO  TC_001Sigin:29 - Starting Testcase
2017-07-15 15:42:40 INFO  HomePage:37 - Click on Signin button
2017-07-15 15:42:43 INFO  HomePage:39 - Entered Email Address
2017-07-15 15:42:43 INFO  HomePage:41 - Entered Password
2017-07-15 15:42:43 INFO  HomePage:43 - Click on Submit Button
2017-07-15 15:42:45 INFO  TC_001Sigin:33 - Passing Value
2017-07-15 15:42:45 INFO  TC_001Sigin:35 - Ending the Testcase
2017-07-15 15:42:45 INFO  TestBase:166 - browser closed
2017-07-15 15:45:04 INFO  TC_001Sigin:29 - Starting Testcase
2017-07-15 15:45:04 INFO  HomePage:37 - Click on Signin button
2017-07-15 15:45:07 INFO  HomePage:39 - Entered Email Address
2017-07-15 15:45:07 INFO  HomePage:41 - Entered Password
2017-07-15 15:45:08 INFO  HomePage:43 - Click on Submit Button
2017-07-15 15:45:09 INFO  TC_001Sigin:33 - Passing Value
2017-07-15 15:45:09 INFO  TC_001Sigin:35 - Ending the Testcase
2017-07-15 15:45:11 INFO  TestBase:166 - browser closed
2017-07-15 15:49:08 INFO  TC_001Sigin:29 - Starting Testcase
2017-07-15 15:49:08 INFO  HomePage:37 - Click on Signin button
2017-07-15 15:49:11 INFO  HomePage:39 - Entered Email Address
2017-07-15 15:49:11 INFO  HomePage:41 - Entered Password
2017-07-15 15:49:11 INFO  HomePage:43 - Click on Submit Button
2017-07-15 15:49:13 INFO  TC_001Sigin:33 - Passing Value
2017-07-15 15:49:13 INFO  TC_001Sigin:35 - Ending the Testcase
2017-07-15 15:49:14 INFO  TestBase:166 - browser closed
2017-07-15 15:49:15 INFO  TestBase:68 - Creating object of chrome
2017-07-15 15:49:17 INFO  TestBase:87 - Navigated to http://automationpractice.com/index.php
2017-07-15 15:49:33 INFO  TC_002:47 - *********** Starting Execution of Testcase2 *************
2017-07-15 15:49:33 INFO  HomePage:37 - Click on Signin button
2017-07-15 15:49:39 INFO  HomePage:39 - Entered Email Address
2017-07-15 15:49:39 INFO  HomePage:41 - Entered Password
2017-07-15 15:49:39 INFO  HomePage:43 - Click on Submit Button
2017-07-15 15:49:42 INFO  TC_002:51 - *********** Finished Execution of Testcase2 *************
2017-07-15 15:49:42 INFO  TC_002:47 - *********** Starting Execution of Testcase2 *************
2017-07-15 15:49:42 INFO  HomePage:37 - Click on Signin button
2017-07-15 15:49:45 INFO  HomePage:39 - Entered Email Address
2017-07-15 15:49:45 INFO  HomePage:41 - Entered Password
2017-07-15 15:49:45 INFO  HomePage:43 - Click on Submit Button
2017-07-15 15:49:47 INFO  TC_002:51 - *********** Finished Execution of Testcase2 *************
2017-07-15 15:49:47 INFO  TC_002:47 - *********** Starting Execution of Testcase2 *************
2017-07-15 15:49:47 INFO  HomePage:37 - Click on Signin button
2017-07-15 15:49:49 INFO  HomePage:39 - Entered Email Address
2017-07-15 15:49:50 INFO  HomePage:41 - Entered Password
2017-07-15 15:49:50 INFO  HomePage:43 - Click on Submit Button
2017-07-15 15:49:54 INFO  TC_002:51 - *********** Finished Execution of Testcase2 *************
2017-07-15 15:49:54 INFO  TC_002:47 - *********** Starting Execution of Testcase2 *************
2017-07-15 15:49:54 INFO  HomePage:37 - Click on Signin button
2017-07-15 15:49:57 INFO  HomePage:39 - Entered Email Address
2017-07-15 15:49:57 INFO  HomePage:41 - Entered Password
2017-07-15 15:49:57 INFO  HomePage:43 - Click on Submit Button
2017-07-15 15:49:59 INFO  TC_002:51 - *********** Finished Execution of Testcase2 *************
2017-07-15 15:49:59 INFO  TC_002:47 - *********** Starting Execution of Testcase2 *************
2017-07-15 15:49:59 INFO  HomePage:37 - Click on Signin button
2017-07-15 15:50:02 INFO  HomePage:39 - Entered Email Address
2017-07-15 15:50:02 INFO  HomePage:41 - Entered Password
2017-07-15 15:50:02 INFO  HomePage:43 - Click on Submit Button
2017-07-15 15:50:06 INFO  TC_002:51 - *********** Finished Execution of Testcase2 *************
2017-07-15 15:50:06 INFO  TC_002:47 - *********** Starting Execution of Testcase2 *************
2017-07-15 15:50:06 INFO  HomePage:37 - Click on Signin button
2017-07-15 15:50:09 INFO  HomePage:39 - Entered Email Address
2017-07-15 15:50:09 INFO  HomePage:41 - Entered Password
2017-07-15 15:50:09 INFO  HomePage:43 - Click on Submit Button
2017-07-15 15:50:11 INFO  TC_002:51 - *********** Finished Execution of Testcase2 *************
2017-07-15 15:50:12 INFO  TestBase:166 - browser closed
2017-07-15 15:50:13 INFO  TestBase:68 - Creating object of chrome
2017-07-15 15:50:15 INFO  TestBase:87 - Navigated to http://automationpractice.com/index.php
2017-07-15 15:50:28 INFO  TC_003_VerifyListeners:31 - Starting Testcase
2017-07-15 15:50:28 INFO  HomePage:37 - Click on Signin button
2017-07-15 15:50:32 INFO  HomePage:39 - Entered Email Address
2017-07-15 15:50:32 INFO  HomePage:41 - Entered Password
2017-07-15 15:50:33 INFO  HomePage:43 - Click on Submit Button
2017-07-15 15:50:34 INFO  TC_003_VerifyListeners:35 - Passing Value
2017-07-15 15:50:34 INFO  TC_003_VerifyListeners:37 - Ending the Testcase
2017-07-15 15:50:35 INFO  TestBase:166 - browser closed
2017-07-15 16:09:48 INFO  TC_001Sigin:29 - Starting Testcase
2017-07-15 16:09:48 INFO  HomePage:37 - Click on Signin button
2017-07-15 16:09:52 INFO  HomePage:39 - Entered Email Address
2017-07-15 16:09:52 INFO  HomePage:41 - Entered Password
2017-07-15 16:09:52 INFO  HomePage:43 - Click on Submit Button
2017-07-15 16:09:53 INFO  TC_001Sigin:33 - Passing Value
2017-07-15 16:09:54 INFO  TC_001Sigin:35 - Ending the Testcase
2017-07-15 16:09:55 INFO  TestBase:173 - browser closed
2017-07-15 16:10:28 INFO  TC_003_VerifyListeners:31 - Starting Testcase
2017-07-15 16:10:28 INFO  HomePage:37 - Click on Signin button
2017-07-15 16:10:31 INFO  HomePage:39 - Entered Email Address
2017-07-15 16:10:31 INFO  HomePage:41 - Entered Password
2017-07-15 16:10:31 INFO  HomePage:43 - Click on Submit Button
2017-07-15 16:10:33 INFO  TC_003_VerifyListeners:35 - Passing Value
2017-07-15 16:10:33 INFO  TC_003_VerifyListeners:37 - Ending the Testcase
2017-07-15 16:10:34 INFO  TestBase:173 - browser closed
